{"contracts/EthSplitter.sol":{"l":{"28":5,"29":1,"31":4,"32":4,"33":1,"35":3,"36":8,"37":8,"46":8,"47":6,"48":6,"49":6,"57":5,"58":5,"59":5,"61":3,"62":1,"64":1,"66":1,"69":3,"70":3,"77":4},"path":"/Users/Daniel/Documents/Projekte/current/EthSplitter/contracts/EthSplitter.sol","s":{"1":5,"2":1,"3":4,"4":4,"5":1,"6":3,"7":8,"8":8,"9":8,"10":6,"11":6,"12":6,"13":5,"14":5,"15":3,"16":1,"17":1,"18":1,"19":3,"20":3,"21":4},"b":{"1":[1,4],"2":[1,3],"3":[6,2],"4":[6,2],"5":[3,2],"6":[1,2]},"f":{"1":3,"2":5,"3":8,"4":5,"5":4},"fnMap":{"1":{"name":"constructor","line":15,"loc":{"start":{"line":15,"column":4},"end":{"line":15,"column":47}}},"2":{"name":"split","line":27,"loc":{"start":{"line":27,"column":4},"end":{"line":39,"column":4}}},"3":{"name":"addRecipient","line":45,"loc":{"start":{"line":45,"column":4},"end":{"line":50,"column":4}}},"4":{"name":"removeRecipient","line":56,"loc":{"start":{"line":56,"column":4},"end":{"line":71,"column":4}}},"5":{"name":"getAllRecipients","line":76,"loc":{"start":{"line":76,"column":4},"end":{"line":78,"column":4}}}},"statementMap":{"1":{"start":{"line":28,"column":8},"end":{"line":28,"column":1078}},"2":{"start":{"line":29,"column":12},"end":{"line":29,"column":18}},"3":{"start":{"line":31,"column":8},"end":{"line":31,"column":66}},"4":{"start":{"line":32,"column":8},"end":{"line":32,"column":1214}},"5":{"start":{"line":33,"column":12},"end":{"line":33,"column":18}},"6":{"start":{"line":35,"column":8},"end":{"line":35,"column":1271}},"7":{"start":{"line":36,"column":12},"end":{"line":36,"column":68}},"8":{"start":{"line":37,"column":12},"end":{"line":37,"column":48}},"9":{"start":{"line":46,"column":8},"end":{"line":46,"column":61}},"10":{"start":{"line":47,"column":8},"end":{"line":47,"column":34}},"11":{"start":{"line":48,"column":8},"end":{"line":48,"column":46}},"12":{"start":{"line":49,"column":8},"end":{"line":49,"column":39}},"13":{"start":{"line":57,"column":8},"end":{"line":57,"column":43}},"14":{"start":{"line":59,"column":8},"end":{"line":59,"column":42}},"15":{"start":{"line":61,"column":8},"end":{"line":61,"column":2393}},"16":{"start":{"line":62,"column":12},"end":{"line":62,"column":21}},"17":{"start":{"line":64,"column":12},"end":{"line":64,"column":64}},"18":{"start":{"line":66,"column":12},"end":{"line":66,"column":49}},"19":{"start":{"line":69,"column":8},"end":{"line":69,"column":23}},"20":{"start":{"line":70,"column":8},"end":{"line":70,"column":41}},"21":{"start":{"line":77,"column":8},"end":{"line":77,"column":25}}},"branchMap":{"1":{"line":28,"type":"if","locations":[{"start":{"line":28,"column":8},"end":{"line":28,"column":8}},{"start":{"line":28,"column":8},"end":{"line":28,"column":8}}]},"2":{"line":32,"type":"if","locations":[{"start":{"line":32,"column":8},"end":{"line":32,"column":8}},{"start":{"line":32,"column":8},"end":{"line":32,"column":8}}]},"3":{"line":37,"type":"if","locations":[{"start":{"line":37,"column":12},"end":{"line":37,"column":12}},{"start":{"line":37,"column":12},"end":{"line":37,"column":12}}]},"4":{"line":46,"type":"if","locations":[{"start":{"line":46,"column":8},"end":{"line":46,"column":8}},{"start":{"line":46,"column":8},"end":{"line":46,"column":8}}]},"5":{"line":59,"type":"if","locations":[{"start":{"line":59,"column":8},"end":{"line":59,"column":8}},{"start":{"line":59,"column":8},"end":{"line":59,"column":8}}]},"6":{"line":61,"type":"if","locations":[{"start":{"line":61,"column":8},"end":{"line":61,"column":8}},{"start":{"line":61,"column":8},"end":{"line":61,"column":8}}]}}},"contracts/EthSplitterFactory.sol":{"l":{"15":3,"19":1,"20":1,"21":1},"path":"/Users/Daniel/Documents/Projekte/current/EthSplitter/contracts/EthSplitterFactory.sol","s":{"1":3,"2":1,"3":1,"4":1},"b":{"1":[1,2]},"f":{"1":3},"fnMap":{"1":{"name":"createSplitter","line":14,"loc":{"start":{"line":14,"column":4},"end":{"line":22,"column":4}}}},"statementMap":{"1":{"start":{"line":15,"column":8},"end":{"line":15,"column":451}},"2":{"start":{"line":19,"column":8},"end":{"line":19,"column":63}},"3":{"start":{"line":20,"column":8},"end":{"line":20,"column":39}},"4":{"start":{"line":21,"column":8},"end":{"line":21,"column":38}}},"branchMap":{"1":{"line":15,"type":"if","locations":[{"start":{"line":15,"column":8},"end":{"line":15,"column":8}},{"start":{"line":15,"column":8},"end":{"line":15,"column":8}}]}}},"contracts/mock/SimpleContract.sol":{"l":{},"path":"/Users/Daniel/Documents/Projekte/current/EthSplitter/contracts/mock/SimpleContract.sol","s":{},"b":{},"f":{},"fnMap":{},"statementMap":{},"branchMap":{}},"contracts/Owned.sol":{"l":{"17":4,"18":4,"25":20,"26":14,"34":1,"42":5,"43":1,"44":1},"path":"/Users/Daniel/Documents/Projekte/current/EthSplitter/contracts/Owned.sol","s":{"1":4,"2":4,"3":20,"4":1,"5":5,"6":1,"7":1},"b":{"1":[14,6],"2":[1,4]},"f":{"1":4,"2":20,"3":1,"4":5},"fnMap":{"1":{"name":"constructor","line":16,"loc":{"start":{"line":16,"column":4},"end":{"line":19,"column":4}}},"2":{"name":"onlyOwner","line":24,"loc":{"start":{"line":24,"column":4},"end":{"line":27,"column":4}}},"3":{"name":"proposeOwner","line":33,"loc":{"start":{"line":33,"column":4},"end":{"line":35,"column":4}}},"4":{"name":"claimOwnership","line":41,"loc":{"start":{"line":41,"column":4},"end":{"line":45,"column":4}}}},"statementMap":{"1":{"start":{"line":17,"column":8},"end":{"line":17,"column":21}},"2":{"start":{"line":18,"column":8},"end":{"line":18,"column":53}},"3":{"start":{"line":25,"column":8},"end":{"line":25,"column":35}},"4":{"start":{"line":34,"column":8},"end":{"line":34,"column":32}},"5":{"start":{"line":42,"column":8},"end":{"line":42,"column":43}},"6":{"start":{"line":43,"column":8},"end":{"line":43,"column":55}},"7":{"start":{"line":44,"column":8},"end":{"line":44,"column":28}}},"branchMap":{"1":{"line":25,"type":"if","locations":[{"start":{"line":25,"column":8},"end":{"line":25,"column":8}},{"start":{"line":25,"column":8},"end":{"line":25,"column":8}}]},"2":{"line":42,"type":"if","locations":[{"start":{"line":42,"column":8},"end":{"line":42,"column":8}},{"start":{"line":42,"column":8},"end":{"line":42,"column":8}}]}}}}