{
"contracts/EthAndTokenSplitter.sol":{"l":{"20":1,"21":1,"29":4,"30":4,"31":1,"33":3,"34":3,"35":1,"37":2,"38":4,"39":4,"41":2},"path":"/Users/Daniel/Documents/Projekte/current/EthSplitter/contracts/EthAndTokenSplitter.sol","s":{"1":1,"2":1,"3":4,"4":4,"5":1,"6":3,"7":3,"8":1,"9":2,"10":4,"11":4,"12":2},"b":{"1":[1,3],"2":[1,2],"3":[4,0]},"f":{"1":1,"2":1,"3":4},"fnMap":{"1":{"name":"constructor","line":11,"loc":{"start":{"line":11,"column":4},"end":{"line":11,"column":53}}},"2":{"name":"tokenFallback","line":15,"loc":{"start":{"line":15,"column":4},"end":{"line":22,"column":4}}},"3":{"name":"splitTokens","line":28,"loc":{"start":{"line":28,"column":4},"end":{"line":42,"column":4}}}},"statementMap":{"1":{"start":{"line":20,"column":8},"end":{"line":20,"column":30}},"2":{"start":{"line":21,"column":8},"end":{"line":21,"column":19}},"3":{"start":{"line":29,"column":8},"end":{"line":29,"column":45}},"4":{"start":{"line":30,"column":8},"end":{"line":30,"column":1123}},"5":{"start":{"line":31,"column":12},"end":{"line":31,"column":18}},"6":{"start":{"line":33,"column":8},"end":{"line":33,"column":75}},"7":{"start":{"line":34,"column":8},"end":{"line":34,"column":1268}},"8":{"start":{"line":35,"column":12},"end":{"line":35,"column":18}},"9":{"start":{"line":37,"column":8},"end":{"line":37,"column":1325}},"10":{"start":{"line":38,"column":12},"end":{"line":38,"column":64}},"11":{"start":{"line":39,"column":12},"end":{"line":39,"column":48}},"12":{"start":{"line":41,"column":8},"end":{"line":41,"column":52}}},"branchMap":{"1":{"line":30,"type":"if","locations":[{"start":{"line":30,"column":8},"end":{"line":30,"column":8}},{"start":{"line":30,"column":8},"end":{"line":30,"column":8}}]},"2":{"line":34,"type":"if","locations":[{"start":{"line":34,"column":8},"end":{"line":34,"column":8}},{"start":{"line":34,"column":8},"end":{"line":34,"column":8}}]},"3":{"line":39,"type":"if","locations":[{"start":{"line":39,"column":12},"end":{"line":39,"column":12}},{"start":{"line":39,"column":12},"end":{"line":39,"column":12}}]}}},
"contracts/EthSplitter.sol":{"l":{"30":5,"31":1,"33":4,"34":4,"35":1,"37":3,"38":8,"39":8,"48":10,"49":8,"50":8,"51":8,"59":5,"60":5,"61":5,"63":3,"64":1,"66":1,"68":1,"71":3,"72":3,"79":4},"path":"/Users/Daniel/Documents/Projekte/current/EthSplitter/contracts/EthSplitter.sol","s":{"1":5,"2":1,"3":4,"4":4,"5":1,"6":3,"7":8,"8":8,"9":10,"10":8,"11":8,"12":8,"13":5,"14":5,"15":3,"16":1,"17":1,"18":1,"19":3,"20":3,"21":4},"b":{"1":[1,4],"2":[1,3],"3":[6,2],"4":[8,2],"5":[3,2],"6":[1,2]},"f":{"1":4,"2":5,"3":10,"4":5,"5":4},"fnMap":{"1":{"name":"constructor","line":15,"loc":{"start":{"line":15,"column":4},"end":{"line":15,"column":47}}},"2":{"name":"split","line":29,"loc":{"start":{"line":29,"column":4},"end":{"line":41,"column":4}}},"3":{"name":"addRecipient","line":47,"loc":{"start":{"line":47,"column":4},"end":{"line":52,"column":4}}},"4":{"name":"removeRecipient","line":58,"loc":{"start":{"line":58,"column":4},"end":{"line":73,"column":4}}},"5":{"name":"getAllRecipients","line":78,"loc":{"start":{"line":78,"column":4},"end":{"line":80,"column":4}}}},"statementMap":{"1":{"start":{"line":30,"column":8},"end":{"line":30,"column":1102}},"2":{"start":{"line":31,"column":12},"end":{"line":31,"column":18}},"3":{"start":{"line":33,"column":8},"end":{"line":33,"column":66}},"4":{"start":{"line":34,"column":8},"end":{"line":34,"column":1238}},"5":{"start":{"line":35,"column":12},"end":{"line":35,"column":18}},"6":{"start":{"line":37,"column":8},"end":{"line":37,"column":1295}},"7":{"start":{"line":38,"column":12},"end":{"line":38,"column":68}},"8":{"start":{"line":39,"column":12},"end":{"line":39,"column":48}},"9":{"start":{"line":48,"column":8},"end":{"line":48,"column":61}},"10":{"start":{"line":49,"column":8},"end":{"line":49,"column":34}},"11":{"start":{"line":50,"column":8},"end":{"line":50,"column":46}},"12":{"start":{"line":51,"column":8},"end":{"line":51,"column":39}},"13":{"start":{"line":59,"column":8},"end":{"line":59,"column":43}},"14":{"start":{"line":61,"column":8},"end":{"line":61,"column":42}},"15":{"start":{"line":63,"column":8},"end":{"line":63,"column":2417}},"16":{"start":{"line":64,"column":12},"end":{"line":64,"column":21}},"17":{"start":{"line":66,"column":12},"end":{"line":66,"column":64}},"18":{"start":{"line":68,"column":12},"end":{"line":68,"column":49}},"19":{"start":{"line":71,"column":8},"end":{"line":71,"column":23}},"20":{"start":{"line":72,"column":8},"end":{"line":72,"column":41}},"21":{"start":{"line":79,"column":8},"end":{"line":79,"column":25}}},"branchMap":{"1":{"line":30,"type":"if","locations":[{"start":{"line":30,"column":8},"end":{"line":30,"column":8}},{"start":{"line":30,"column":8},"end":{"line":30,"column":8}}]},"2":{"line":34,"type":"if","locations":[{"start":{"line":34,"column":8},"end":{"line":34,"column":8}},{"start":{"line":34,"column":8},"end":{"line":34,"column":8}}]},"3":{"line":39,"type":"if","locations":[{"start":{"line":39,"column":12},"end":{"line":39,"column":12}},{"start":{"line":39,"column":12},"end":{"line":39,"column":12}}]},"4":{"line":48,"type":"if","locations":[{"start":{"line":48,"column":8},"end":{"line":48,"column":8}},{"start":{"line":48,"column":8},"end":{"line":48,"column":8}}]},"5":{"line":61,"type":"if","locations":[{"start":{"line":61,"column":8},"end":{"line":61,"column":8}},{"start":{"line":61,"column":8},"end":{"line":61,"column":8}}]},"6":{"line":63,"type":"if","locations":[{"start":{"line":63,"column":8},"end":{"line":63,"column":8}},{"start":{"line":63,"column":8},"end":{"line":63,"column":8}}]}}},
"contracts/EthSplitterFactory.sol":{"l":{"15":3,"19":1,"20":1,"21":1},"path":"/Users/Daniel/Documents/Projekte/current/EthSplitter/contracts/EthSplitterFactory.sol","s":{"1":3,"2":1,"3":1,"4":1},"b":{"1":[1,2]},"f":{"1":3},"fnMap":{"1":{"name":"createSplitter","line":14,"loc":{"start":{"line":14,"column":4},"end":{"line":22,"column":4}}}},"statementMap":{"1":{"start":{"line":15,"column":8},"end":{"line":15,"column":451}},"2":{"start":{"line":19,"column":8},"end":{"line":19,"column":63}},"3":{"start":{"line":20,"column":8},"end":{"line":20,"column":39}},"4":{"start":{"line":21,"column":8},"end":{"line":21,"column":38}}},"branchMap":{"1":{"line":15,"type":"if","locations":[{"start":{"line":15,"column":8},"end":{"line":15,"column":8}},{"start":{"line":15,"column":8},"end":{"line":15,"column":8}}]}}},
"contracts/Owned.sol":{"l":{"17":5,"18":5,"25":22,"26":16,"34":1,"42":5,"43":1,"44":1},"path":"/Users/Daniel/Documents/Projekte/current/EthSplitter/contracts/Owned.sol","s":{"1":5,"2":5,"3":22,"4":1,"5":5,"6":1,"7":1},"b":{"1":[16,6],"2":[1,4]},"f":{"1":5,"2":22,"3":1,"4":5},"fnMap":{"1":{"name":"constructor","line":16,"loc":{"start":{"line":16,"column":4},"end":{"line":19,"column":4}}},"2":{"name":"onlyOwner","line":24,"loc":{"start":{"line":24,"column":4},"end":{"line":27,"column":4}}},"3":{"name":"proposeOwner","line":33,"loc":{"start":{"line":33,"column":4},"end":{"line":35,"column":4}}},"4":{"name":"claimOwnership","line":41,"loc":{"start":{"line":41,"column":4},"end":{"line":45,"column":4}}}},"statementMap":{"1":{"start":{"line":17,"column":8},"end":{"line":17,"column":21}},"2":{"start":{"line":18,"column":8},"end":{"line":18,"column":53}},"3":{"start":{"line":25,"column":8},"end":{"line":25,"column":35}},"4":{"start":{"line":34,"column":8},"end":{"line":34,"column":32}},"5":{"start":{"line":42,"column":8},"end":{"line":42,"column":43}},"6":{"start":{"line":43,"column":8},"end":{"line":43,"column":55}},"7":{"start":{"line":44,"column":8},"end":{"line":44,"column":28}}},"branchMap":{"1":{"line":25,"type":"if","locations":[{"start":{"line":25,"column":8},"end":{"line":25,"column":8}},{"start":{"line":25,"column":8},"end":{"line":25,"column":8}}]},"2":{"line":42,"type":"if","locations":[{"start":{"line":42,"column":8},"end":{"line":42,"column":8}},{"start":{"line":42,"column":8},"end":{"line":42,"column":8}}]}}}}
