TN:
SF:/Users/Daniel/Documents/Projekte/current/EthSplitter/contracts/EthAndTokenSplitter.sol
FN:11,constructor
FN:15,tokenFallback
FN:28,splitTokens
FNF:3
FNH:3
FNDA:1,constructor
FNDA:1,tokenFallback
FNDA:4,splitTokens
DA:20,1
DA:21,1
DA:29,4
DA:30,4
DA:31,1
DA:33,3
DA:34,3
DA:35,1
DA:37,2
DA:38,4
DA:39,4
DA:41,2
LF:12
LH:12
BRDA:30,1,0,1
BRDA:30,1,1,3
BRDA:34,2,0,1
BRDA:34,2,1,2
BRDA:39,3,0,4
BRDA:39,3,1,0
BRF:6
BRH:5
end_of_record
TN:
SF:/Users/Daniel/Documents/Projekte/current/EthSplitter/contracts/EthSplitter.sol
FN:15,constructor
FN:29,split
FN:47,addRecipient
FN:58,removeRecipient
FN:78,getAllRecipients
FNF:5
FNH:5
FNDA:4,constructor
FNDA:5,split
FNDA:10,addRecipient
FNDA:5,removeRecipient
FNDA:4,getAllRecipients
DA:30,5
DA:31,1
DA:33,4
DA:34,4
DA:35,1
DA:37,3
DA:38,8
DA:39,8
DA:48,10
DA:49,8
DA:50,8
DA:51,8
DA:59,5
DA:60,5
DA:61,5
DA:63,3
DA:64,1
DA:66,1
DA:68,1
DA:71,3
DA:72,3
DA:79,4
LF:22
LH:22
BRDA:30,1,0,1
BRDA:30,1,1,4
BRDA:34,2,0,1
BRDA:34,2,1,3
BRDA:39,3,0,6
BRDA:39,3,1,2
BRDA:48,4,0,8
BRDA:48,4,1,2
BRDA:61,5,0,3
BRDA:61,5,1,2
BRDA:63,6,0,1
BRDA:63,6,1,2
BRF:12
BRH:12
end_of_record
TN:
SF:/Users/Daniel/Documents/Projekte/current/EthSplitter/contracts/EthSplitterFactory.sol
FN:14,createSplitter
FNF:1
FNH:1
FNDA:3,createSplitter
DA:15,3
DA:19,1
DA:20,1
DA:21,1
LF:4
LH:4
BRDA:15,1,0,1
BRDA:15,1,1,2
BRF:2
BRH:2
end_of_record
TN:
SF:/Users/Daniel/Documents/Projekte/current/EthSplitter/contracts/Owned.sol
FN:16,constructor
FN:24,onlyOwner
FN:33,proposeOwner
FN:41,claimOwnership
FNF:4
FNH:4
FNDA:5,constructor
FNDA:22,onlyOwner
FNDA:1,proposeOwner
FNDA:5,claimOwnership
DA:17,5
DA:18,5
DA:25,22
DA:26,16
DA:34,1
DA:42,5
DA:43,1
DA:44,1
LF:8
LH:8
BRDA:25,1,0,16
BRDA:25,1,1,6
BRDA:42,2,0,1
BRDA:42,2,1,4
BRF:4
BRH:4
end_of_record
