TN:
SF:/Users/Daniel/Documents/Projekte/current/EthSplitter/contracts/EthSplitter.sol
FN:15,constructor
FN:27,split
FN:45,addRecipient
FN:56,removeRecipient
FN:76,getAllRecipients
FNF:5
FNH:5
FNDA:3,constructor
FNDA:5,split
FNDA:8,addRecipient
FNDA:5,removeRecipient
FNDA:4,getAllRecipients
DA:28,5
DA:29,1
DA:31,4
DA:32,4
DA:33,1
DA:35,3
DA:36,8
DA:37,8
DA:46,8
DA:47,6
DA:48,6
DA:49,6
DA:57,5
DA:58,5
DA:59,5
DA:61,3
DA:62,1
DA:64,1
DA:66,1
DA:69,3
DA:70,3
DA:77,4
LF:22
LH:22
BRDA:28,1,0,1
BRDA:28,1,1,4
BRDA:32,2,0,1
BRDA:32,2,1,3
BRDA:37,3,0,6
BRDA:37,3,1,2
BRDA:46,4,0,6
BRDA:46,4,1,2
BRDA:59,5,0,3
BRDA:59,5,1,2
BRDA:61,6,0,1
BRDA:61,6,1,2
BRF:12
BRH:12
end_of_record
TN:
SF:/Users/Daniel/Documents/Projekte/current/EthSplitter/contracts/EthSplitterFactory.sol
FN:14,createSplitter
FNF:1
FNH:1
FNDA:3,createSplitter
DA:15,3
DA:19,1
DA:20,1
DA:21,1
LF:4
LH:4
BRDA:15,1,0,1
BRDA:15,1,1,2
BRF:2
BRH:2
end_of_record
TN:
SF:/Users/Daniel/Documents/Projekte/current/EthSplitter/contracts/mock/SimpleContract.sol
FNF:0
FNH:0
LF:0
LH:0
BRF:0
BRH:0
end_of_record
TN:
SF:/Users/Daniel/Documents/Projekte/current/EthSplitter/contracts/Owned.sol
FN:16,constructor
FN:24,onlyOwner
FN:33,proposeOwner
FN:41,claimOwnership
FNF:4
FNH:4
FNDA:4,constructor
FNDA:20,onlyOwner
FNDA:1,proposeOwner
FNDA:5,claimOwnership
DA:17,4
DA:18,4
DA:25,20
DA:26,14
DA:34,1
DA:42,5
DA:43,1
DA:44,1
LF:8
LH:8
BRDA:25,1,0,14
BRDA:25,1,1,6
BRDA:42,2,0,1
BRDA:42,2,1,4
BRF:4
BRH:4
end_of_record
